[2026-04-17 06:54:18] === Watch iniciado ===
[2026-04-17 06:54:18] Monitorando: /Users/filipegajo/Filipe - Obs/TEC
[2026-04-17 06:54:18] Execução inicial...
[2026-04-17 06:54:18] Coletando notas do vault...
[2026-04-17 06:54:18] Total de notas lidas: 91
[2026-04-17 06:54:18] Matérias encontradas: ['Contabilidade Geral', 'Direito Administrativo (Doutrina e Leis Federais)', 'Direito Constitucional (CF/1988 e Doutrina)', 'Direito Tributário', 'Língua Portuguesa (Português)', 'TI - Banco de Dados', 'TI - Ciência de Dados e Inteligência Artificial']
[2026-04-17 06:54:18]   Gerando briefing: Contabilidade Geral (34 notas com análise)
[2026-04-17 06:54:18]   ✓ Salvo: Podcast Briefing — Contabilidade Geral.md
[2026-04-17 06:54:18]   Gerando briefing: Direito Administrativo (Doutrina e Leis Federais) (10 notas com análise)
[2026-04-17 06:54:18]   ✓ Salvo: Podcast Briefing — Direito Administrativo (Doutrina e Leis Federais).md
[2026-04-17 06:54:18]   Gerando briefing: Direito Constitucional (CF/1988 e Doutrina) (15 notas com análise)
[2026-04-17 06:54:18]   ✓ Salvo: Podcast Briefing — Direito Constitucional (CF1988 e Doutrina).md
[2026-04-17 06:54:18]   Gerando briefing: Direito Tributário (20 notas com análise)
[2026-04-17 06:54:18]   ✓ Salvo: Podcast Briefing — Direito Tributário.md
[2026-04-17 06:54:18]   Gerando briefing: Língua Portuguesa (Português) (1 notas com análise)
[2026-04-17 06:54:18]   ✓ Salvo: Podcast Briefing — Língua Portuguesa (Português).md
[2026-04-17 06:54:18]   Gerando briefing: TI - Banco de Dados (9 notas com análise)
[2026-04-17 06:54:18]   ✓ Salvo: Podcast Briefing — TI - Banco de Dados.md
[2026-04-17 06:54:18]   Gerando briefing: TI - Ciência de Dados e Inteligência Artificial (2 notas com análise)
[2026-04-17 06:54:18]   ✓ Salvo: Podcast Briefing — TI - Ciência de Dados e Inteligência Artificial.md
[2026-04-17 06:54:18] Concluído.
[2026-04-17 06:54:18] Execução inicial concluída.
[2026-04-17 06:54:18] Aguardando mudanças em Q*.md...
[2026-04-19 16:52:15] Mudança detectada: /Users/filipegajo/Filipe - Obs/TEC/Língua Portuguesa (Português)/Interpretação de Textos (Compreensão)/Q1703542.md
[2026-04-19 16:52:15] Regenerando podcast briefings...
[2026-04-19 16:52:15] Matéria detectada: Língua Portuguesa (Português)
[2026-04-19 16:52:16] Coletando notas do vault...
[2026-04-19 16:52:16] Total de notas lidas: 92
[2026-04-19 16:52:16] Matérias encontradas: ['Contabilidade Geral', 'Direito Administrativo (Doutrina e Leis Federais)', 'Direito Constitucional (CF/1988 e Doutrina)', 'Direito Tributário', 'Língua Portuguesa (Português)', 'TI - Banco de Dados', 'TI - Ciência de Dados e Inteligência Artificial']
[2026-04-19 16:52:16]   Gerando briefing: Língua Portuguesa (Português) (2 notas com análise)
[2026-04-19 16:52:16]   ✓ Salvo: Podcast Briefing — Língua Portuguesa (Português).md
[2026-04-19 16:52:16] Concluído.
[2026-04-19 16:52:16] ✓ Briefing de 'Língua Portuguesa (Português)' atualizado.
[2026-04-19 16:56:06] Mudança detectada: /Users/filipegajo/Filipe - Obs/TEC/Língua Portuguesa (Português)/Fatos da Língua Portuguesa (Porque, Por Que, Porquê e Por Quê; Onde, Aonde e Donde; Há e A, etc)/Q1703570.md
[2026-04-19 16:56:06] Regenerando podcast briefings...
[2026-04-19 16:56:06] Matéria detectada: Língua Portuguesa (Português)
[2026-04-19 16:56:06] Coletando notas do vault...
[2026-04-19 16:56:06] Total de notas lidas: 93
[2026-04-19 16:56:06] Matérias encontradas: ['Contabilidade Geral', 'Direito Administrativo (Doutrina e Leis Federais)', 'Direito Constitucional (CF/1988 e Doutrina)', 'Direito Tributário', 'Língua Portuguesa (Português)', 'TI - Banco de Dados', 'TI - Ciência de Dados e Inteligência Artificial']
[2026-04-19 16:56:06]   Gerando briefing: Língua Portuguesa (Português) (3 notas com análise)
[2026-04-19 16:56:06]   ✓ Salvo: Podcast Briefing — Língua Portuguesa (Português).md
[2026-04-19 16:56:06] Concluído.
[2026-04-19 16:56:06] ✓ Briefing de 'Língua Portuguesa (Português)' atualizado.
[2026-04-19 16:56:27] Mudança detectada: /Users/filipegajo/Filipe - Obs/TEC/Língua Portuguesa (Português)/Concordância (Verbal e Nominal)/Q1703579.md
[2026-04-19 16:56:27] Regenerando podcast briefings...
[2026-04-19 16:56:27] Matéria detectada: Língua Portuguesa (Português)
[2026-04-19 16:56:28] Coletando notas do vault...
[2026-04-19 16:56:28] Total de notas lidas: 94
[2026-04-19 16:56:28] Matérias encontradas: ['Contabilidade Geral', 'Direito Administrativo (Doutrina e Leis Federais)', 'Direito Constitucional (CF/1988 e Doutrina)', 'Direito Tributário', 'Língua Portuguesa (Português)', 'TI - Banco de Dados', 'TI - Ciência de Dados e Inteligência Artificial']
[2026-04-19 16:56:28]   Gerando briefing: Língua Portuguesa (Português) (4 notas com análise)
[2026-04-19 16:56:28]   ✓ Salvo: Podcast Briefing — Língua Portuguesa (Português).md
[2026-04-19 16:56:28] Concluído.
[2026-04-19 16:56:28] ✓ Briefing de 'Língua Portuguesa (Português)' atualizado.
