[2026-04-17 06:54:05] Coletando notas do vault...
[2026-04-17 06:54:05] Total de notas lidas: 91
[2026-04-17 06:54:05] Matérias encontradas: ['Contabilidade Geral', 'Direito Administrativo (Doutrina e Leis Federais)', 'Direito Constitucional (CF/1988 e Doutrina)', 'Direito Tributário', 'Língua Portuguesa (Português)', 'TI - Banco de Dados', 'TI - Ciência de Dados e Inteligência Artificial']
[2026-04-17 06:54:05]   Gerando briefing: Contabilidade Geral (34 notas com análise)
[2026-04-17 06:54:05]   [DRY-RUN] Salvaria em: /Users/filipegajo/Filipe - Obs/TEC/_Podcasts/Podcast Briefing — Contabilidade Geral.md
[2026-04-17 06:54:05]   Gerando briefing: Direito Administrativo (Doutrina e Leis Federais) (10 notas com análise)
[2026-04-17 06:54:05]   [DRY-RUN] Salvaria em: /Users/filipegajo/Filipe - Obs/TEC/_Podcasts/Podcast Briefing — Direito Administrativo (Doutrina e Leis Federais).md
[2026-04-17 06:54:05]   Gerando briefing: Direito Constitucional (CF/1988 e Doutrina) (15 notas com análise)
[2026-04-17 06:54:05]   [DRY-RUN] Salvaria em: /Users/filipegajo/Filipe - Obs/TEC/_Podcasts/Podcast Briefing — Direito Constitucional (CF1988 e Doutrina).md
[2026-04-17 06:54:05]   Gerando briefing: Direito Tributário (20 notas com análise)
[2026-04-17 06:54:05]   [DRY-RUN] Salvaria em: /Users/filipegajo/Filipe - Obs/TEC/_Podcasts/Podcast Briefing — Direito Tributário.md
[2026-04-17 06:54:05]   Gerando briefing: Língua Portuguesa (Português) (1 notas com análise)
[2026-04-17 06:54:05]   [DRY-RUN] Salvaria em: /Users/filipegajo/Filipe - Obs/TEC/_Podcasts/Podcast Briefing — Língua Portuguesa (Português).md
[2026-04-17 06:54:05]   Gerando briefing: TI - Banco de Dados (9 notas com análise)
[2026-04-17 06:54:05]   [DRY-RUN] Salvaria em: /Users/filipegajo/Filipe - Obs/TEC/_Podcasts/Podcast Briefing — TI - Banco de Dados.md
[2026-04-17 06:54:05]   Gerando briefing: TI - Ciência de Dados e Inteligência Artificial (2 notas com análise)
[2026-04-17 06:54:05]   [DRY-RUN] Salvaria em: /Users/filipegajo/Filipe - Obs/TEC/_Podcasts/Podcast Briefing — TI - Ciência de Dados e Inteligência Artificial.md
[2026-04-17 06:54:05] Concluído.
[2026-04-17 06:54:12] Coletando notas do vault...
[2026-04-17 06:54:12] Total de notas lidas: 91
[2026-04-17 06:54:12] Matérias encontradas: ['Contabilidade Geral', 'Direito Administrativo (Doutrina e Leis Federais)', 'Direito Constitucional (CF/1988 e Doutrina)', 'Direito Tributário', 'Língua Portuguesa (Português)', 'TI - Banco de Dados', 'TI - Ciência de Dados e Inteligência Artificial']
[2026-04-17 06:54:12]   Gerando briefing: Contabilidade Geral (34 notas com análise)
[2026-04-17 06:54:12]   ✓ Salvo: Podcast Briefing — Contabilidade Geral.md
[2026-04-17 06:54:12]   Gerando briefing: Direito Administrativo (Doutrina e Leis Federais) (10 notas com análise)
[2026-04-17 06:54:12]   ✓ Salvo: Podcast Briefing — Direito Administrativo (Doutrina e Leis Federais).md
[2026-04-17 06:54:12]   Gerando briefing: Direito Constitucional (CF/1988 e Doutrina) (15 notas com análise)
[2026-04-17 06:54:12]   ✓ Salvo: Podcast Briefing — Direito Constitucional (CF1988 e Doutrina).md
[2026-04-17 06:54:12]   Gerando briefing: Direito Tributário (20 notas com análise)
[2026-04-17 06:54:12]   ✓ Salvo: Podcast Briefing — Direito Tributário.md
[2026-04-17 06:54:12]   Gerando briefing: Língua Portuguesa (Português) (1 notas com análise)
[2026-04-17 06:54:12]   ✓ Salvo: Podcast Briefing — Língua Portuguesa (Português).md
[2026-04-17 06:54:12]   Gerando briefing: TI - Banco de Dados (9 notas com análise)
[2026-04-17 06:54:12]   ✓ Salvo: Podcast Briefing — TI - Banco de Dados.md
[2026-04-17 06:54:12]   Gerando briefing: TI - Ciência de Dados e Inteligência Artificial (2 notas com análise)
[2026-04-17 06:54:12]   ✓ Salvo: Podcast Briefing — TI - Ciência de Dados e Inteligência Artificial.md
[2026-04-17 06:54:12] Concluído.
[2026-04-17 06:54:18] Coletando notas do vault...
[2026-04-17 06:54:18] Total de notas lidas: 91
[2026-04-17 06:54:18] Matérias encontradas: ['Contabilidade Geral', 'Direito Administrativo (Doutrina e Leis Federais)', 'Direito Constitucional (CF/1988 e Doutrina)', 'Direito Tributário', 'Língua Portuguesa (Português)', 'TI - Banco de Dados', 'TI - Ciência de Dados e Inteligência Artificial']
[2026-04-17 06:54:18]   Gerando briefing: Contabilidade Geral (34 notas com análise)
[2026-04-17 06:54:18]   ✓ Salvo: Podcast Briefing — Contabilidade Geral.md
[2026-04-17 06:54:18]   Gerando briefing: Direito Administrativo (Doutrina e Leis Federais) (10 notas com análise)
[2026-04-17 06:54:18]   ✓ Salvo: Podcast Briefing — Direito Administrativo (Doutrina e Leis Federais).md
[2026-04-17 06:54:18]   Gerando briefing: Direito Constitucional (CF/1988 e Doutrina) (15 notas com análise)
[2026-04-17 06:54:18]   ✓ Salvo: Podcast Briefing — Direito Constitucional (CF1988 e Doutrina).md
[2026-04-17 06:54:18]   Gerando briefing: Direito Tributário (20 notas com análise)
[2026-04-17 06:54:18]   ✓ Salvo: Podcast Briefing — Direito Tributário.md
[2026-04-17 06:54:18]   Gerando briefing: Língua Portuguesa (Português) (1 notas com análise)
[2026-04-17 06:54:18]   ✓ Salvo: Podcast Briefing — Língua Portuguesa (Português).md
[2026-04-17 06:54:18]   Gerando briefing: TI - Banco de Dados (9 notas com análise)
[2026-04-17 06:54:18]   ✓ Salvo: Podcast Briefing — TI - Banco de Dados.md
[2026-04-17 06:54:18]   Gerando briefing: TI - Ciência de Dados e Inteligência Artificial (2 notas com análise)
[2026-04-17 06:54:18]   ✓ Salvo: Podcast Briefing — TI - Ciência de Dados e Inteligência Artificial.md
[2026-04-17 06:54:18] Concluído.
[2026-04-19 16:52:16] Coletando notas do vault...
[2026-04-19 16:52:16] Total de notas lidas: 92
[2026-04-19 16:52:16] Matérias encontradas: ['Contabilidade Geral', 'Direito Administrativo (Doutrina e Leis Federais)', 'Direito Constitucional (CF/1988 e Doutrina)', 'Direito Tributário', 'Língua Portuguesa (Português)', 'TI - Banco de Dados', 'TI - Ciência de Dados e Inteligência Artificial']
[2026-04-19 16:52:16]   Gerando briefing: Língua Portuguesa (Português) (2 notas com análise)
[2026-04-19 16:52:16]   ✓ Salvo: Podcast Briefing — Língua Portuguesa (Português).md
[2026-04-19 16:52:16] Concluído.
[2026-04-19 16:56:06] Coletando notas do vault...
[2026-04-19 16:56:06] Total de notas lidas: 93
[2026-04-19 16:56:06] Matérias encontradas: ['Contabilidade Geral', 'Direito Administrativo (Doutrina e Leis Federais)', 'Direito Constitucional (CF/1988 e Doutrina)', 'Direito Tributário', 'Língua Portuguesa (Português)', 'TI - Banco de Dados', 'TI - Ciência de Dados e Inteligência Artificial']
[2026-04-19 16:56:06]   Gerando briefing: Língua Portuguesa (Português) (3 notas com análise)
[2026-04-19 16:56:06]   ✓ Salvo: Podcast Briefing — Língua Portuguesa (Português).md
[2026-04-19 16:56:06] Concluído.
[2026-04-19 16:56:28] Coletando notas do vault...
[2026-04-19 16:56:28] Total de notas lidas: 94
[2026-04-19 16:56:28] Matérias encontradas: ['Contabilidade Geral', 'Direito Administrativo (Doutrina e Leis Federais)', 'Direito Constitucional (CF/1988 e Doutrina)', 'Direito Tributário', 'Língua Portuguesa (Português)', 'TI - Banco de Dados', 'TI - Ciência de Dados e Inteligência Artificial']
[2026-04-19 16:56:28]   Gerando briefing: Língua Portuguesa (Português) (4 notas com análise)
[2026-04-19 16:56:28]   ✓ Salvo: Podcast Briefing — Língua Portuguesa (Português).md
[2026-04-19 16:56:28] Concluído.
[2026-04-19 18:11:07] Coletando notas do vault...
[2026-04-19 18:11:07] Total de notas lidas: 95
[2026-04-19 18:11:07] Matérias encontradas: ['Contabilidade Geral', 'Direito Administrativo (Doutrina e Leis Federais)', 'Direito Constitucional (CF/1988 e Doutrina)', 'Direito Tributário', 'Língua Portuguesa (Português)', 'TI - Banco de Dados', 'TI - Ciência de Dados e Inteligência Artificial']
[2026-04-19 18:11:07]   Gerando briefing: Língua Portuguesa (Português) (5 notas com análise)
[2026-04-19 18:11:07]   ✓ Salvo: Podcast Briefing — Língua Portuguesa (Português).md
[2026-04-19 18:11:07] Concluído.
[2026-04-19 18:11:41] Coletando notas do vault...
[2026-04-19 18:11:41] Total de notas lidas: 96
[2026-04-19 18:11:41] Matérias encontradas: ['Contabilidade Geral', 'Direito Administrativo (Doutrina e Leis Federais)', 'Direito Constitucional (CF/1988 e Doutrina)', 'Direito Tributário', 'Língua Portuguesa (Português)', 'TI - Banco de Dados', 'TI - Ciência de Dados e Inteligência Artificial']
[2026-04-19 18:11:41]   Gerando briefing: Língua Portuguesa (Português) (6 notas com análise)
[2026-04-19 18:11:41]   ✓ Salvo: Podcast Briefing — Língua Portuguesa (Português).md
[2026-04-19 18:11:41] Concluído.
[2026-04-19 18:12:12] Coletando notas do vault...
[2026-04-19 18:12:12] Total de notas lidas: 97
[2026-04-19 18:12:12] Matérias encontradas: ['Contabilidade Geral', 'Direito Administrativo (Doutrina e Leis Federais)', 'Direito Constitucional (CF/1988 e Doutrina)', 'Direito Tributário', 'Língua Portuguesa (Português)', 'TI - Banco de Dados', 'TI - Ciência de Dados e Inteligência Artificial']
[2026-04-19 18:12:12]   Gerando briefing: Língua Portuguesa (Português) (7 notas com análise)
[2026-04-19 18:12:12]   ✓ Salvo: Podcast Briefing — Língua Portuguesa (Português).md
[2026-04-19 18:12:12] Concluído.
[2026-04-19 18:12:54] Coletando notas do vault...
[2026-04-19 18:12:54] Total de notas lidas: 98
[2026-04-19 18:12:54] Matérias encontradas: ['Contabilidade Geral', 'Direito Administrativo (Doutrina e Leis Federais)', 'Direito Constitucional (CF/1988 e Doutrina)', 'Direito Tributário', 'Língua Portuguesa (Português)', 'TI - Banco de Dados', 'TI - Ciência de Dados e Inteligência Artificial']
[2026-04-19 18:12:54]   Gerando briefing: Língua Portuguesa (Português) (8 notas com análise)
[2026-04-19 18:12:54]   ✓ Salvo: Podcast Briefing — Língua Portuguesa (Português).md
[2026-04-19 18:12:54] Concluído.
[2026-04-19 18:17:44] Coletando notas do vault...
[2026-04-19 18:17:44] Total de notas lidas: 99
[2026-04-19 18:17:44] Matérias encontradas: ['Contabilidade Geral', 'Direito Administrativo (Doutrina e Leis Federais)', 'Direito Constitucional (CF/1988 e Doutrina)', 'Direito Tributário', 'Língua Portuguesa (Português)', 'TI - Banco de Dados', 'TI - Ciência de Dados e Inteligência Artificial']
[2026-04-19 18:17:44]   Gerando briefing: Língua Portuguesa (Português) (9 notas com análise)
[2026-04-19 18:17:44]   ✓ Salvo: Podcast Briefing — Língua Portuguesa (Português).md
[2026-04-19 18:17:44] Concluído.
[2026-04-19 20:47:16] Coletando notas do vault...
[2026-04-19 20:47:16] Total de notas lidas: 99
[2026-04-19 20:47:16] Matérias encontradas: ['Contabilidade Geral', 'Direito Administrativo (Doutrina e Leis Federais)', 'Direito Constitucional (CF/1988 e Doutrina)', 'Direito Tributário', 'Língua Portuguesa (Português)', 'TI - Banco de Dados', 'TI - Ciência de Dados e Inteligência Artificial']
[2026-04-19 20:47:16]   Gerando briefing: Contabilidade Geral (34 notas com análise)
[2026-04-19 20:47:16]   ✓ Salvo: Podcast Briefing — Contabilidade Geral.md
[2026-04-19 20:47:16]   Gerando briefing: Direito Administrativo (Doutrina e Leis Federais) (10 notas com análise)
[2026-04-19 20:47:16]   ✓ Salvo: Podcast Briefing — Direito Administrativo (Doutrina e Leis Federais).md
[2026-04-19 20:47:16]   Gerando briefing: Direito Constitucional (CF/1988 e Doutrina) (15 notas com análise)
[2026-04-19 20:47:16]   ✓ Salvo: Podcast Briefing — Direito Constitucional (CF1988 e Doutrina).md
[2026-04-19 20:47:16]   Gerando briefing: Direito Tributário (20 notas com análise)
[2026-04-19 20:47:16]   ✓ Salvo: Podcast Briefing — Direito Tributário.md
[2026-04-19 20:47:16]   Gerando briefing: Língua Portuguesa (Português) (9 notas com análise)
[2026-04-19 20:47:16]   ✓ Salvo: Podcast Briefing — Língua Portuguesa (Português).md
[2026-04-19 20:47:16]   Gerando briefing: TI - Banco de Dados (9 notas com análise)
[2026-04-19 20:47:16]   ✓ Salvo: Podcast Briefing — TI - Banco de Dados.md
[2026-04-19 20:47:16]   Gerando briefing: TI - Ciência de Dados e Inteligência Artificial (2 notas com análise)
[2026-04-19 20:47:16]   ✓ Salvo: Podcast Briefing — TI - Ciência de Dados e Inteligência Artificial.md
[2026-04-19 20:47:16] Concluído.
