[2026-04-17 06:54:18] === Watch iniciado ===
[2026-04-17 06:54:18] Monitorando: /Users/filipegajo/Filipe - Obs/TEC
[2026-04-17 06:54:18] Execução inicial...
[2026-04-17 06:54:18] Execução inicial concluída.
[2026-04-17 06:54:18] Aguardando mudanças em Q*.md...
[2026-04-19 16:52:15] Mudança detectada: /Users/filipegajo/Filipe - Obs/TEC/Língua Portuguesa (Português)/Interpretação de Textos (Compreensão)/Q1703542.md
[2026-04-19 16:52:15] Regenerando podcast briefings...
[2026-04-19 16:52:15] Matéria detectada: Língua Portuguesa (Português)
[2026-04-19 16:52:16] ✓ Briefing de 'Língua Portuguesa (Português)' atualizado.
[2026-04-19 16:56:06] Mudança detectada: /Users/filipegajo/Filipe - Obs/TEC/Língua Portuguesa (Português)/Fatos da Língua Portuguesa (Porque, Por Que, Porquê e Por Quê; Onde, Aonde e Donde; Há e A, etc)/Q1703570.md
[2026-04-19 16:56:06] Regenerando podcast briefings...
[2026-04-19 16:56:06] Matéria detectada: Língua Portuguesa (Português)
[2026-04-19 16:56:06] ✓ Briefing de 'Língua Portuguesa (Português)' atualizado.
[2026-04-19 16:56:27] Mudança detectada: /Users/filipegajo/Filipe - Obs/TEC/Língua Portuguesa (Português)/Concordância (Verbal e Nominal)/Q1703579.md
[2026-04-19 16:56:27] Regenerando podcast briefings...
[2026-04-19 16:56:27] Matéria detectada: Língua Portuguesa (Português)
[2026-04-19 16:56:28] ✓ Briefing de 'Língua Portuguesa (Português)' atualizado.
[2026-04-19 18:11:07] Mudança detectada: /Users/filipegajo/Filipe - Obs/TEC/Língua Portuguesa (Português)/Questões Mescladas de Sintaxe
[2026-04-19 18:11:07] Regenerando podcast briefings...
[2026-04-19 18:11:07] Matéria detectada: Língua Portuguesa (Português)
[2026-04-19 18:11:07] ✓ Briefing de 'Língua Portuguesa (Português)' atualizado.
[2026-04-19 18:11:07] Mudança detectada (debounce ativo, aguardando...): /Users/filipegajo/Filipe - Obs/TEC/Língua Portuguesa (Português)/Questões Mescladas de Sintaxe/Q3400925.md
[2026-04-19 18:11:41] Mudança detectada: /Users/filipegajo/Filipe - Obs/TEC/Língua Portuguesa (Português)/Concordância (Verbal e Nominal)/Q3402599.md
[2026-04-19 18:11:41] Regenerando podcast briefings...
[2026-04-19 18:11:41] Matéria detectada: Língua Portuguesa (Português)
[2026-04-19 18:11:41] ✓ Briefing de 'Língua Portuguesa (Português)' atualizado.
[2026-04-19 18:12:11] Mudança detectada: /Users/filipegajo/Filipe - Obs/TEC/Língua Portuguesa (Português)/Coerência. Coesão (Anáfora, Catáfora, Uso dos Conectores - Pronomes Relativos, Conjunções, etc)/Q3402561.md
[2026-04-19 18:12:11] Regenerando podcast briefings...
[2026-04-19 18:12:11] Matéria detectada: Língua Portuguesa (Português)
[2026-04-19 18:12:12] ✓ Briefing de 'Língua Portuguesa (Português)' atualizado.
[2026-04-19 18:12:53] Mudança detectada: /Users/filipegajo/Filipe - Obs/TEC/Língua Portuguesa (Português)/Interpretação de Textos (Compreensão)/Q3400920.md
[2026-04-19 18:12:54] Regenerando podcast briefings...
[2026-04-19 18:12:54] Matéria detectada: Língua Portuguesa (Português)
[2026-04-19 18:12:54] ✓ Briefing de 'Língua Portuguesa (Português)' atualizado.
[2026-04-19 18:17:43] Mudança detectada: /Users/filipegajo/Filipe - Obs/TEC/Língua Portuguesa (Português)/Reescrita de Frases. Substituição de Palavras ou Trechos de Texto./Q3402570.md
[2026-04-19 18:17:43] Regenerando podcast briefings...
[2026-04-19 18:17:43] Matéria detectada: Língua Portuguesa (Português)
[2026-04-19 18:17:44] ✓ Briefing de 'Língua Portuguesa (Português)' atualizado.
[2026-04-19 20:47:08] === Watch iniciado ===
[2026-04-19 20:47:09] Monitorando: /Users/filipegajo/Filipe - Obs/TEC
[2026-04-19 20:47:09] Execução inicial...
[2026-04-19 20:47:16] Execução inicial concluída.
[2026-04-19 20:47:16] Aguardando mudanças em Q*.md...
